0 info it worked if it ends with ok
1 verbose cli [ '/usr/bin/node', '/usr/bin/npm', 'run', 'lint' ]
2 info using npm@3.5.2
3 info using node@v8.10.0
4 verbose run-script [ 'prelint', 'lint', 'postlint' ]
5 info lifecycle f5-declarative-onboarding@1.3.0~prelint: f5-declarative-onboarding@1.3.0
6 silly lifecycle f5-declarative-onboarding@1.3.0~prelint: no script for prelint, continuing
7 info lifecycle f5-declarative-onboarding@1.3.0~lint: f5-declarative-onboarding@1.3.0
8 verbose lifecycle f5-declarative-onboarding@1.3.0~lint: unsafe-perm in lifecycle true
9 verbose lifecycle f5-declarative-onboarding@1.3.0~lint: PATH: /usr/share/npm/bin/node-gyp-bin:/home/fonsecayarochewsky/do-daniel/f5-declarative-onboarding/node_modules/.bin:/home/fonsecayarochewsky/.local/bin:/usr/local/sbin:/usr/local/bin:/usr/sbin:/usr/bin:/sbin:/bin:/usr/games:/usr/local/games:/mnt/c/Program Files/Docker/Docker/resources/bin:/mnt/c/ProgramData/Oracle/Java/javapath:/mnt/c/Windows/System32:/mnt/c/Windows:/mnt/c/Windows/System32/wbem:/mnt/c/Windows/System32/WindowsPowerShell/v1.0:/mnt/c/Windows/System32/WindowsPowerShell/v1.0:/mnt/c/Program Files/Intel/WiFi/bin:/mnt/c/Program Files/Common Files/Intel/WirelessCommon:/mnt/c/Users/fonsecayarochewsky/AppData/Local/Microsoft/WindowsApps:/snap/bin
10 verbose lifecycle f5-declarative-onboarding@1.3.0~lint: CWD: /home/fonsecayarochewsky/do-daniel/f5-declarative-onboarding
11 silly lifecycle f5-declarative-onboarding@1.3.0~lint: Args: [ '-c', 'eslint nodejs test' ]
12 silly lifecycle f5-declarative-onboarding@1.3.0~lint: Returned: code: 1  signal: null
13 info lifecycle f5-declarative-onboarding@1.3.0~lint: Failed to exec lint script
14 verbose stack Error: f5-declarative-onboarding@1.3.0 lint: `eslint nodejs test`
14 verbose stack Exit status 1
14 verbose stack     at EventEmitter.<anonymous> (/usr/share/npm/lib/utils/lifecycle.js:232:16)
14 verbose stack     at emitTwo (events.js:126:13)
14 verbose stack     at EventEmitter.emit (events.js:214:7)
14 verbose stack     at ChildProcess.<anonymous> (/usr/share/npm/lib/utils/spawn.js:24:14)
14 verbose stack     at emitTwo (events.js:126:13)
14 verbose stack     at ChildProcess.emit (events.js:214:7)
14 verbose stack     at maybeClose (internal/child_process.js:925:16)
14 verbose stack     at Process.ChildProcess._handle.onexit (internal/child_process.js:209:5)
15 verbose pkgid f5-declarative-onboarding@1.3.0
16 verbose cwd /home/fonsecayarochewsky/do-daniel/f5-declarative-onboarding
17 error Linux 4.4.0-43-Microsoft
18 error argv "/usr/bin/node" "/usr/bin/npm" "run" "lint"
19 error node v8.10.0
20 error npm  v3.5.2
21 error code ELIFECYCLE
22 error f5-declarative-onboarding@1.3.0 lint: `eslint nodejs test`
22 error Exit status 1
23 error Failed at the f5-declarative-onboarding@1.3.0 lint script 'eslint nodejs test'.
23 error Make sure you have the latest version of node.js and npm installed.
23 error If you do, this is most likely a problem with the f5-declarative-onboarding package,
23 error not with npm itself.
23 error Tell the author that this fails on your system:
23 error     eslint nodejs test
23 error You can get information on how to open an issue for this project with:
23 error     npm bugs f5-declarative-onboarding
23 error Or if that isn't available, you can get their info via:
23 error     npm owner ls f5-declarative-onboarding
23 error There is likely additional logging output above.
24 verbose exit [ 1, true ]
